2025-01-15 12:37:35,765 DEBUG    root            Loaded Command Group: ['gcloud', 'config']
2025-01-15 12:37:35,772 DEBUG    root            Loaded Command Group: ['gcloud', 'config', 'config_helper']
2025-01-15 12:37:35,775 DEBUG    root            Running [gcloud.config.config-helper] with arguments: [--format: "json", --min-expiry: "1800"]
2025-01-15 12:37:35,901 DEBUG    google.auth.transport.requests Making request: GET http://metadata.google.internal/computeMetadata/v1/instance/service-accounts/474362067828-compute@developer.gserviceaccount.com/?recursive=true
2025-01-15 12:37:35,904 DEBUG    urllib3.connectionpool Starting new HTTP connection (1): metadata.google.internal:80
2025-01-15 12:37:35,905 DEBUG    urllib3.connectionpool http://metadata.google.internal:80 "GET /computeMetadata/v1/instance/service-accounts/474362067828-compute@developer.gserviceaccount.com/?recursive=true HTTP/1.1" 200 154
2025-01-15 12:37:35,908 DEBUG    google.auth.transport.requests Making request: GET http://metadata.google.internal/computeMetadata/v1/instance/service-accounts/474362067828-compute@developer.gserviceaccount.com/token
2025-01-15 12:37:35,910 DEBUG    urllib3.connectionpool http://metadata.google.internal:80 "GET /computeMetadata/v1/instance/service-accounts/474362067828-compute@developer.gserviceaccount.com/token HTTP/1.1" 200 869
2025-01-15 12:37:35,922 DEBUG    root            Chosen display Format:default json
2025-01-15 12:37:35,922 INFO     root            Display format: "default json"
2025-01-15 12:37:35,965 INFO     ___FILE_ONLY___ {
  "configuration": {
    "active_configuration": "default",
    "properties": {
      "compute": {
        "region": "asia-south1"
      },
      "core": {
        "account": "474362067828-compute@developer.gserviceaccount.com",
        "disable_usage_reporting": "True",
        "project": "big-data-engin"
      },
      "dataproc": {
        "region": "asia-south1"
      }
    }
  },
  "credential": {
    "access_token": "ya29.c.c0ASRK0GaaJe4RpK8qIZzlcGrykjMp6R7okFILCJDOTEDyDbu0K1BUl8D8L_kjctPBD5Kd6rqMog8BKgUvgjffs6rs3SQ4h87FZpUVy0QAPr0s9qsTk4UL_Jzz8CDR4oL9PRF9DgagiLmc1z0Fczv3bspjOxXvyBvnpwOAp2BxKpWHKE8-MGgS-OeZv7WWu_5uduMB3m-4EB_pRnDuLPcD2IuPjzG6uzK5b5VZIkSa7QpHUu1dF_EzhEODusbEemexi5WbBCARMo9j6C93Y36JfaUvmuAzZuMoSrGDEj1WBD1nNl7IldkvM3g3fDf_4aet3G3Lb1PTvHKMT-EO2O74PXMKxqIM3mdOaJ4AM9FVJFKoxCNzAw4WeLM7hpSfL63tAfjBxWaphIX_QAy4LEbMGPgT416D1lvtjUozdgt7c-jrXq6wu899qwji9Y7wdU91XJwxSjX3m9huMnS8VRYpBZoz9VQpq1yy1ZWF_ayggvBsc9-MVY_M0hImtrFlSQnqqakvyf9wbooz7-1ZX5pF1qhi25i6q69sgI0qR1xffV85_pBzZbdZrnkat_Za71nXu9RXz0a3Orqo5992bUdFcpBvQt5oeVsztBfbs6R3b0uizpnllORbRono-8Orxk5ZF-kOz4opMhmBaxo2xQqRgmjc9eugBhog0Skt2Jw2FbviIvnZIptF51j4Q2oVOQkcX-ZyF6qhV-lBVFlwxf4RIi6F_6eg27U194VUxw4apJ6gsrwXco38t0FRn2vsBdbIW6nqzw5Qf2Qwcbs0yBnYcuXffzxa2v-cI9MFebBr2tqVVkepcWUxSahd1i9BajnJwvV-kofwWa3y305_qQuzFf5vxonlQvMWZdZIo3hFbbb10wbvUfpfdOrFe5JYdIO-vWnn3_7MYivWx-0nbadg3VjwQxOsghi99F6ntZdI9ajpq2dX6ce-pw2lMWpUmivxzOM8m8aUUvzp7VXoO2Z1cjxXylhVStjW_Yq0YbMU7b8BvoIpr6gtZb7",
    "id_token": "eyJhbGciOiJSUzI1NiIsImtpZCI6ImRkMTI1ZDVmNDYyZmJjNjAxNGFlZGFiODFkZGYzYmNlZGFiNzA4NDciLCJ0eXAiOiJKV1QifQ.eyJhdWQiOiIzMjU1NTk0MDU1OS5hcHBzLmdvb2dsZXVzZXJjb250ZW50LmNvbSIsImF6cCI6IjEwNDM1MDQ5NzMzNTUwMDEwMjQ1NSIsImV4cCI6MTczNjk0ODI1NSwiaWF0IjoxNzM2OTQ0NjU1LCJpc3MiOiJodHRwczovL2FjY291bnRzLmdvb2dsZS5jb20iLCJzdWIiOiIxMDQzNTA0OTczMzU1MDAxMDI0NTUifQ.RJWdMhMBf47OoJ60sQPxBkDBI--Be5gcmNfhcIrtTZaPeTItHDutOQ0qnAy-Hy__aQQqmym_LOBLnEafOVCYIe-YDqJUf_HqmibvmMKokz4Sd4P4YKBn7ivT-vfme23iooY3vRXbX6YpuRku_1lxK3-cfkDTOgYDuJtNPGHZrCklbCscM32ifvE7A65aLnkhCoft2CZYCMKBrwq0RiPodrrRe8l9kbbZIO-CwSdTtM4bYXzutzLZUCf7EoUfR9QjS9tRl4u6IGPZA0aI59uDassHtZYXQPw2_8hNyk37Om5V0eSbR6PWm0h4cCCL1KvvPtOi_4NVtkc182l4OMtrxg",
    "token_expiry": "2025-01-15T13:32:48Z"
  },
  "sentinels": {
    "config_sentinel": "/home/jupyter/.config/gcloud/config_sentinel"
  }
}
2025-01-15 12:37:35,965 INFO     ___FILE_ONLY___ 

2025-01-15 12:37:35,965 DEBUG    root            SDK update checks are disabled.
