2025-01-15 12:30:51,757 DEBUG    root            Loaded Command Group: ['gcloud', 'config']
2025-01-15 12:30:51,763 DEBUG    root            Loaded Command Group: ['gcloud', 'config', 'config_helper']
2025-01-15 12:30:51,766 DEBUG    root            Running [gcloud.config.config-helper] with arguments: [--format: "json", --min-expiry: "1800"]
2025-01-15 12:30:51,889 DEBUG    google.auth.transport.requests Making request: GET http://metadata.google.internal/computeMetadata/v1/instance/service-accounts/474362067828-compute@developer.gserviceaccount.com/?recursive=true
2025-01-15 12:30:51,892 DEBUG    urllib3.connectionpool Starting new HTTP connection (1): metadata.google.internal:80
2025-01-15 12:30:51,894 DEBUG    urllib3.connectionpool http://metadata.google.internal:80 "GET /computeMetadata/v1/instance/service-accounts/474362067828-compute@developer.gserviceaccount.com/?recursive=true HTTP/1.1" 200 154
2025-01-15 12:30:51,896 DEBUG    google.auth.transport.requests Making request: GET http://metadata.google.internal/computeMetadata/v1/instance/service-accounts/474362067828-compute@developer.gserviceaccount.com/token
2025-01-15 12:30:51,898 DEBUG    urllib3.connectionpool http://metadata.google.internal:80 "GET /computeMetadata/v1/instance/service-accounts/474362067828-compute@developer.gserviceaccount.com/token HTTP/1.1" 200 870
2025-01-15 12:30:51,909 DEBUG    root            Chosen display Format:default json
2025-01-15 12:30:51,910 INFO     root            Display format: "default json"
2025-01-15 12:30:51,951 INFO     ___FILE_ONLY___ {
  "configuration": {
    "active_configuration": "default",
    "properties": {
      "compute": {
        "region": "asia-south1"
      },
      "core": {
        "account": "474362067828-compute@developer.gserviceaccount.com",
        "disable_usage_reporting": "True",
        "project": "big-data-engin"
      },
      "dataproc": {
        "region": "asia-south1"
      }
    }
  },
  "credential": {
    "access_token": "ya29.c.c0ASRK0GaSIAFiFkVogXfZb0PqVgWrBNOJ8DL7z4ftDLPOhueCpToWLTPQXabdhJjO2xV58DHFaK9AzvvdTYIIqm_8R9-dB3UXA3eD_OIqjKsHJ-xC7g94SnGnKD-TmpDDge74JoD69XSFuHLubHe8nFPEb4g4DpCugrKdFM5pveAszYEvG1H_XqiY24-mwm9NWmex7gtBnBmxIePN94vaDLSWWwHk6j_gKoNkN79ASWtNQ0aleduQqBtmV1twUri8EqNMmOVl9XcanaiMM2103_Q8h0qIuNKa4F5cww2Ucvtm2yEjZi4MHZd3HA3hFIdZdUk9xTTatUzavsgByw_mpBU_lChsskX4kbR3cL5Cc-fs8sbUNnQ-gm6v4gAdqncT05a9vcXGSIt7wa19HR8jxbnYG417PgfYQ_JvXycO_WleFOq4BF1FygWsaOnko0efwe31IR0oqJlFY7dW5pdXBz4vJxxbg3Yza9X0rIph06hV0kk8jeepIfqrjy78w-dwo5Vfk4huWqdIQy2cMWd_gjtvQiydwvhjj8sB---BxQmyOF2xvwFZy4tBaO1czVyxSh2mhvamhOOwyiZQxzB8-SX1xWorjSqikq69fmuRSQRWxeVr9rSgIh1hStm4jzXaidesR1UJlcd69fWMFXpx7SOOQo4spjb-8Ul9S0l54fQdqZYpqiaOUk-Srso64Qc857abw3I10gj8irqnJwcrO3IFlccsx0_lsMcFrpfiBz9021aedZrc13qXd131W_O3yeedzudcWVnYUoe-wl2lR4MSgetltzmaqOOO1zkitygd1lpYWodceQUe_Xn57V0-ZzRnlihoubOm5n1lMtvOchx5Rv5QrpQawBhRZ6jVMvw1qMlBWZvRf2B3jxXlt-9WemZlU7vpe56f28RgF2oO8Wlfk4QqZyx7RFIcB7lwnMj2S31ynvB-VB5Uj9rosv0qIuclBoBez0kpd2c_M2Y97wrWBfdQckRn-k0ehtkfWoZvl_m1gBYVyd_",
    "id_token": "eyJhbGciOiJSUzI1NiIsImtpZCI6ImRkMTI1ZDVmNDYyZmJjNjAxNGFlZGFiODFkZGYzYmNlZGFiNzA4NDciLCJ0eXAiOiJKV1QifQ.eyJhdWQiOiIzMjU1NTk0MDU1OS5hcHBzLmdvb2dsZXVzZXJjb250ZW50LmNvbSIsImF6cCI6IjEwNDM1MDQ5NzMzNTUwMDEwMjQ1NSIsImV4cCI6MTczNjk0Nzg1MSwiaWF0IjoxNzM2OTQ0MjUxLCJpc3MiOiJodHRwczovL2FjY291bnRzLmdvb2dsZS5jb20iLCJzdWIiOiIxMDQzNTA0OTczMzU1MDAxMDI0NTUifQ.aUvtmNLYtyr4FVlHug_f9XcWGHWWAZq81aFEdjQEeq2rw96xfLWJ4iHmtTov7CJE6BjPmG-vmA3VuY_7eFm7UbKdVZ002RydTBDJjKmKU0JpGdn47OSZ_rZIvIlUBKGP0NOB1lMrScLObUxIQuXaPhQ0P-I9fuY2MmUv53AcLmp0oNO95BLVuoKkSZ458qX9WOGjOLsOBRZqHUTmJJVQHrsQk4Bx1-csAfDRSeCqHIiDEPff1sdGP9baha3ZiRqeTwBnsFCVd3SbSWqg9ThEpoPNjc_h6YNyJeVp7y-9M1udHGAOo07wts0v0AVfB7jdwRiLR2pjRv4gzSB3MA1Cfg",
    "token_expiry": "2025-01-15T13:06:49Z"
  },
  "sentinels": {
    "config_sentinel": "/home/jupyter/.config/gcloud/config_sentinel"
  }
}
2025-01-15 12:30:51,951 INFO     ___FILE_ONLY___ 

2025-01-15 12:30:51,951 DEBUG    root            SDK update checks are disabled.
