2025-01-16 06:46:44,319 DEBUG    root            Loaded Command Group: ['gcloud', 'config']
2025-01-16 06:46:44,323 DEBUG    root            Loaded Command Group: ['gcloud', 'config', 'config_helper']
2025-01-16 06:46:44,325 DEBUG    root            Running [gcloud.config.config-helper] with arguments: [--format: "json", --min-expiry: "1800"]
2025-01-16 06:46:44,457 DEBUG    google.auth.transport.requests Making request: GET http://metadata.google.internal/computeMetadata/v1/instance/service-accounts/474362067828-compute@developer.gserviceaccount.com/?recursive=true
2025-01-16 06:46:44,460 DEBUG    urllib3.connectionpool Starting new HTTP connection (1): metadata.google.internal:80
2025-01-16 06:46:44,462 DEBUG    urllib3.connectionpool http://metadata.google.internal:80 "GET /computeMetadata/v1/instance/service-accounts/474362067828-compute@developer.gserviceaccount.com/?recursive=true HTTP/1.1" 200 154
2025-01-16 06:46:44,464 DEBUG    google.auth.transport.requests Making request: GET http://metadata.google.internal/computeMetadata/v1/instance/service-accounts/474362067828-compute@developer.gserviceaccount.com/token
2025-01-16 06:46:44,466 DEBUG    urllib3.connectionpool http://metadata.google.internal:80 "GET /computeMetadata/v1/instance/service-accounts/474362067828-compute@developer.gserviceaccount.com/token HTTP/1.1" 200 871
2025-01-16 06:46:44,494 DEBUG    root            Chosen display Format:default json
2025-01-16 06:46:44,494 INFO     root            Display format: "default json"
2025-01-16 06:46:44,532 INFO     ___FILE_ONLY___ {
  "configuration": {
    "active_configuration": "default",
    "properties": {
      "compute": {
        "region": "asia-south1"
      },
      "core": {
        "account": "474362067828-compute@developer.gserviceaccount.com",
        "disable_usage_reporting": "True",
        "project": "big-data-engin"
      },
      "dataproc": {
        "region": "asia-south1"
      }
    }
  },
  "credential": {
    "access_token": "ya29.c.c0ASRK0Ga-vJxmOfOBizUNhoCqLHDmS-8mqKywtf2KQohszI-6zIzeueDBM2LbCaX54KU9K5f32Bgh3RVKIVd1wbV-Cun2XvL4aoacv6z-nPQetA0e7Ob_7FMbNTXQuhRan1CzbUVwIoUXfl5oPe8WV0MZ6zkeLExq-gpz51X2Y0VVeVmDH-0v8LSZG0_uVZAzEU7hxSFhiJbRZU7ffBst9ajKt0K6NoBSSDP_9nUjgYCTDGZoEJlqignFLpWo0FhJFk97nikmhXi0zF3AE1DXuAIDIgVS46cBZhmv3IZsmC6-UT0RuYKdRzuKXXp7XC5stuoWPZfcIozaCn1mR6WXc1neq-E40xU85JslnfFEQVADW9piTze-s7UpXq2MhyxecNFNRlXX8ru3PUt2WbqnHelxH417C6jyr-51_Wvr4qu3cu4h71227kep7iwZxWz2WOUlQkmnMZ7kqFRdBWl094MW19zkWvSbyztvVSioaF8xQn8iF8vt7hB9IwwZtrUIcQ8UgjunW0jfS1F5WdMwcXpOzJB6_nUBOXQnltjIndR22uw0vjjJw4Iv8WRuFBe9wBS74zoUdmxf4lft9dmbr3dsxebnYa1rc4If4p5fnamh6kOc9cdb9IV4idJwnFep8XF6SXMJZzh821cfaer04hJvIgtFhn7tm-zmMfz0aX5d6ue9wprVYx-B9U1My3zwW5a6swQai1urgfrM7ueFVqn0MiY6m9m11oYqhtqs9lj1MVZie4ZwBv4s1M2muhSUsdQ5UJ41trRnW8d5iBIm2dttiUt_Yr6f9zZMq-XWscg3FpZkSuv430vnnRsSgu1bdyIks-20RVfVcFbl7xYz8uxjWqyqfyx9zordM933x-d40FOnjJ-jtmwqks84yo79r1WSet6k52JzV1l2J_SMoUYXSWBegxgugtlW3kosB4FJhj3fOO4wfMoU1t3O4_m04pujI2ot9Y-_dqXrBfedau9-1SYMopbjBi9IgRj5g2io0-ZpJqbII3R",
    "id_token": "eyJhbGciOiJSUzI1NiIsImtpZCI6ImRkMTI1ZDVmNDYyZmJjNjAxNGFlZGFiODFkZGYzYmNlZGFiNzA4NDciLCJ0eXAiOiJKV1QifQ.eyJhdWQiOiIzMjU1NTk0MDU1OS5hcHBzLmdvb2dsZXVzZXJjb250ZW50LmNvbSIsImF6cCI6IjEwNDM1MDQ5NzMzNTUwMDEwMjQ1NSIsImV4cCI6MTczNzAxMzYwNCwiaWF0IjoxNzM3MDEwMDA0LCJpc3MiOiJodHRwczovL2FjY291bnRzLmdvb2dsZS5jb20iLCJzdWIiOiIxMDQzNTA0OTczMzU1MDAxMDI0NTUifQ.jskKLsI8CJRqM5-qoV5k18JlUIX9kD4MNnI_Ek5YTArIV2IDOBlTSf4mKtJiqdUlwfNCLFLiZJMhyFSXMuUApxXDrkjCDaGekuyPfoAtMXCYJU8t7VP6AcAFq-jy3_k1s6mFf-3PV8-RIraoFxbGSHVRYBmeGvu-wndsGX0qfUOznS6TrVCSkz9y9qyEB8tASJUBCgQpIfAxmzAfGP7YyzdQrKUU-EcXxKQvezaUccJSIMQQZIP9RlylIpkiGmCVXqBSDm7oFu7tg2HXcSUH3HpI5H1a6UaHUBAHvJbIzKc2gnzR_WiG1QH8ynll4t_IjWVHG2kXI7sP6ZgMdRHSFg",
    "token_expiry": "2025-01-16T07:46:33Z"
  },
  "sentinels": {
    "config_sentinel": "/home/jupyter/.config/gcloud/config_sentinel"
  }
}
2025-01-16 06:46:44,532 INFO     ___FILE_ONLY___ 

2025-01-16 06:46:44,533 DEBUG    root            SDK update checks are disabled.
