2025-01-16 08:17:41,263 DEBUG    root            Loaded Command Group: ['gcloud', 'config']
2025-01-16 08:17:41,273 DEBUG    root            Loaded Command Group: ['gcloud', 'config', 'config_helper']
2025-01-16 08:17:41,276 DEBUG    root            Running [gcloud.config.config-helper] with arguments: [--format: "json", --min-expiry: "1800"]
2025-01-16 08:17:41,427 DEBUG    google.auth.transport.requests Making request: GET http://metadata.google.internal/computeMetadata/v1/instance/service-accounts/474362067828-compute@developer.gserviceaccount.com/?recursive=true
2025-01-16 08:17:41,430 DEBUG    urllib3.connectionpool Starting new HTTP connection (1): metadata.google.internal:80
2025-01-16 08:17:41,433 DEBUG    urllib3.connectionpool http://metadata.google.internal:80 "GET /computeMetadata/v1/instance/service-accounts/474362067828-compute@developer.gserviceaccount.com/?recursive=true HTTP/1.1" 200 154
2025-01-16 08:17:41,435 DEBUG    google.auth.transport.requests Making request: GET http://metadata.google.internal/computeMetadata/v1/instance/service-accounts/474362067828-compute@developer.gserviceaccount.com/token
2025-01-16 08:17:41,438 DEBUG    urllib3.connectionpool http://metadata.google.internal:80 "GET /computeMetadata/v1/instance/service-accounts/474362067828-compute@developer.gserviceaccount.com/token HTTP/1.1" 200 868
2025-01-16 08:17:41,455 DEBUG    root            Chosen display Format:default json
2025-01-16 08:17:41,455 INFO     root            Display format: "default json"
2025-01-16 08:17:41,511 INFO     ___FILE_ONLY___ {
  "configuration": {
    "active_configuration": "default",
    "properties": {
      "compute": {
        "region": "asia-south1"
      },
      "core": {
        "account": "474362067828-compute@developer.gserviceaccount.com",
        "disable_usage_reporting": "True",
        "project": "big-data-engin"
      },
      "dataproc": {
        "region": "asia-south1"
      }
    }
  },
  "credential": {
    "access_token": "ya29.c.c0ASRK0GbWv1bkgrXYGCmCeZUod5lk4mDguuthix7YCQ3nAMJfUqg9WMVy9T-5aFXmP2TL5jVQg-WXVTble9YLtAQUT3XGYbt55l-eSVaRmfoFJNqoHOdAP8pJe6QDUlrmfYYlmPe07A1ViQ4LvdARViOSIkVJ8NvHaw4mtI_oPWeeUGqtDYSftMYVOELqC-Ivs-C6ckthNTJaoy7z_WM2eosx2uho-YL_UmXhoeeIvTOPXY5bBJM36ynZoFijThA4FpZHX2qyHopJsxegHr72xDH1mXv5a6JBMUql-SIKuzS9_Fc5VThq-NGB5WPFaU3WhPz3qDWxRV9kR47GGNm8BYZ9I5oCdvnzwPgxCSjJaaI2k54OfN_PLYxpynqVrxVcDO4mPYV6gcvjlEGkrxPvT413AalZ1xk6IqQFwvwOr4oJZ82e2Yrfe4O9h47YwtjSB8iQY_bc4RZJXZyF2e_rssFvvw6ZUZgamS4QmoM1QFUi5kXmdfQV_2kRpbsdV8Vnsyz6XyMeUIU5f67dh6k92fipr5s40dMWwkcfza3JRUvVio1uvw9ncdBb72VYn_f5Fd8Zl3kM3zjyzWmWyxg6JJWOd6mbsi8lWq0XZ6Mz2hXv44bfQzOX5seggm9Xc0Vmyg27alqaWs4uz3-sMwIeZFs3dp4axRrg9dqSrbaJX69iSM8lFjvzeXct5VregSytllbYa8UlcnBMQ-MpsbQZpZVXSM1yjyjf8U1gW-W7fedyFnl2age1dg5kth9fg1J69hoJ7ooeXUt9x-tzpMlw8awnBzp6-5J7afR6mc3BtQmMnaQRxSZB2o-2ZO06uv65V2z3w7MgJ5i8x6sOrBkXh2fbis5MbU7OjM66u1c7nziyiu-MhUBcMyjzajehJt8RvIRcnr4sYaIs_cIMv6J2Yynj-Ryu4a2iMaoJ7llxxtJ995rOl-a_QQZazJbB8oxSYjuMgjBQfZdgx8Ukpsl2Q5UypoajBbXz_XpX8-Z0Ml6B7dixzhnRMIe",
    "id_token": "eyJhbGciOiJSUzI1NiIsImtpZCI6ImRkMTI1ZDVmNDYyZmJjNjAxNGFlZGFiODFkZGYzYmNlZGFiNzA4NDciLCJ0eXAiOiJKV1QifQ.eyJhdWQiOiIzMjU1NTk0MDU1OS5hcHBzLmdvb2dsZXVzZXJjb250ZW50LmNvbSIsImF6cCI6IjEwNDM1MDQ5NzMzNTUwMDEwMjQ1NSIsImV4cCI6MTczNzAxOTA2MSwiaWF0IjoxNzM3MDE1NDYxLCJpc3MiOiJodHRwczovL2FjY291bnRzLmdvb2dsZS5jb20iLCJzdWIiOiIxMDQzNTA0OTczMzU1MDAxMDI0NTUifQ.M3kNn-2j0HaL3Xj-BN69aGqCVN4GK9t021V5ssh0vFsI5bll7wnvWER9vbrod9LiogszZjWFZZFdRKWZt0CneBeCvYrLRdtuze366UVAfT8y5o-FPJ2cJTEE8d1yGr-vQVwdXvi60DeytlJkkjStryh_B73hsDeBq-0iaaOUH27HdRskllFNz2RUxmgxt8FZeip8R9xOvq5tTOz_8Whm6EmleqfiKNThy53k7eTYe-oFdZ5J8bpXgr62h7DLQYT71loYtfe4dPWqsgNF5cKRalaqrqvroEbPUUt_e6cJCE0wwrWN2wDNNySfcLnL-AhoZS06n_wx6cQlXsbiBSeduQ",
    "token_expiry": "2025-01-16T09:10:23Z"
  },
  "sentinels": {
    "config_sentinel": "/home/jupyter/.config/gcloud/config_sentinel"
  }
}
2025-01-16 08:17:41,511 INFO     ___FILE_ONLY___ 

2025-01-16 08:17:41,512 DEBUG    root            SDK update checks are disabled.
